-------------------------------------------------------------------------------
Test set: Login.TestLogin
-------------------------------------------------------------------------------
Tests run: 8, Failures: 1, Errors: 0, Skipped: 0, Time elapsed: 103.142 sec <<< FAILURE!
afterTest(Login.TestLogin)  Time elapsed: 0.058 sec  <<< FAILURE!
org.openqa.selenium.remote.SessionNotFoundException: A session is either terminated or not started (WARNING: The server did not provide any stacktrace information)
Command duration or timeout: 9 milliseconds
Build info: version: '2.53.1', revision: 'a36b8b1cd5757287168e54b817830adce9b0158d', time: '2016-06-30 19:26:09'
System info: host: 'dfmpc106.example.com', ip: '127.0.0.1', os.name: 'Linux', os.arch: 'amd64', os.version: '3.16.0-4-amd64', java.version: '1.8.0_161'
Driver info: io.appium.java_client.android.AndroidDriver
Capabilities [{app=/home/sysadmin/Workspaces/EZQUA/tests/src/main/resources/app-debug.apk, appPackage=com.amely.socialapp, deviceScreenSize=1080x1920, networkConnectionEnabled=true, warnings={}, appWaitActivity=com.amely.socialapp.view.activity.LoginActivity',com.amely.socialapp.view.activity.LoginActivity, appWaitPackage=com.amely.socialapp, databaseEnabled=false, deviceName=3300a7537024b357, platform=LINUX, deviceUDID=3300a7537024b357, appActivity=com.amely.socialapp.view.activity.SplashScreenActivity, AppPackage=com.amely.socialapp, desired={app=/home/sysadmin/Workspaces/EZQUA/tests/src/main/resources/app-debug.apk, AppPackage=com.amely.socialapp, appWaitActivity=com.amely.socialapp.view.activity.LoginActivity',com.amely.socialapp.view.activity.LoginActivity, AppActivity=com.amely.socialapp.view.activity.SplashScreenActivity, platformName=Android, deviceName=192.168.57.101:5555}, platformVersion=7.0, webStorageEnabled=false, locationContextEnabled=false, takesScreenshot=true, AppActivity=com.amely.socialapp.view.activity.SplashScreenActivity, javascriptEnabled=true, deviceModel=SM-G610F, platformName=Android, deviceManufacturer=samsung}]
Session ID: 1cae9d31-d9af-45b2-8ef7-ff1d630a3d24
	at sun.reflect.NativeConstructorAccessorImpl.newInstance0(Native Method)
	at sun.reflect.NativeConstructorAccessorImpl.newInstance(NativeConstructorAccessorImpl.java:62)
	at sun.reflect.DelegatingConstructorAccessorImpl.newInstance(DelegatingConstructorAccessorImpl.java:45)
	at java.lang.reflect.Constructor.newInstance(Constructor.java:423)
	at org.openqa.selenium.remote.ErrorHandler.createThrowable(ErrorHandler.java:206)
	at org.openqa.selenium.remote.ErrorHandler.throwIfResponseFailed(ErrorHandler.java:158)
	at org.openqa.selenium.remote.RemoteWebDriver.execute(RemoteWebDriver.java:678)
	at io.appium.java_client.DefaultGenericMobileDriver.execute(DefaultGenericMobileDriver.java:40)
	at io.appium.java_client.AppiumDriver.execute(AppiumDriver.java:235)
	at org.openqa.selenium.remote.RemoteWebDriver.quit(RemoteWebDriver.java:526)
	at Login.TestLogin.afterTest(TestLogin.java:211)

