<?xml version="1.0" encoding="UTF-8" ?>
<testsuite tests="8" failures="1" name="Login.TestLogin" time="78.271" errors="0" skipped="0">
  <properties>
[...]
</properties>
  <testcase classname="Login.TestLogin" name="LoginWithAccountNull" time="18.603"/>
  <testcase classname="Login.TestLogin" name="LoginWithOnlyFillAccount" time="26.839"/>
  <testcase classname="Login.TestLogin" name="LoginWithOnlyFillPassword" time="27.554"/>
  <testcase classname="Login.TestLogin" name="LoginWithIncorrectPassword" time="5.18"/>
  <testcase classname="Login.TestLogin" name="LoginWithCorrectAccountAndPassword" time="0.006"/>
  <testcase classname="Login.TestLogin" name="LoginWithEmail" time="0.013"/>
  <testcase classname="Login.TestLogin" name="LoginWithPhoneNumner" time="0.018"/>
  <testcase classname="Login.TestLogin" name="afterTest" time="0.058">
    <failure message="A session is either terminated or not started (WARNING: The server did not provide any stacktrace information)
Command duration or timeout: 9 milliseconds
Build info: version: &apos;2.53.1&apos;, revision: &apos;a36b8b1cd5757287168e54b817830adce9b0158d&apos;, time: &apos;2016-06-30 19:26:09&apos;
System info: host: &apos;dfmpc106.example.com&apos;, ip: &apos;127.0.0.1&apos;, os.name: &apos;Linux&apos;, os.arch: &apos;amd64&apos;, os.version: &apos;3.16.0-4-amd64&apos;, java.version: &apos;1.8.0_161&apos;
Driver info: io.appium.java_client.android.AndroidDriver
Capabilities [{app=/home/sysadmin/Workspaces/EZQUA/tests/src/main/resources/app-debug.apk, appPackage=com.amely.socialapp, deviceScreenSize=1080x1920, networkConnectionEnabled=true, warnings={}, appWaitActivity=com.amely.socialapp.view.activity.LoginActivity&apos;,com.amely.socialapp.view.activity.LoginActivity, appWaitPackage=com.amely.socialapp, databaseEnabled=false, deviceName=3300a7537024b357, platform=LINUX, deviceUDID=3300a7537024b357, appActivity=com.amely.socialapp.view.activity.SplashScreenActivity, AppPackage=com.amely.socialapp, desired={app=/home/sysadmin/Workspaces/EZQUA/tests/src/main/resources/app-debug.apk, AppPackage=com.amely.socialapp, appWaitActivity=com.amely.socialapp.view.activity.LoginActivity&apos;,com.amely.socialapp.view.activity.LoginActivity, AppActivity=com.amely.socialapp.view.activity.SplashScreenActivity, platformName=Android, deviceName=192.168.57.101:5555}, platformVersion=7.0, webStorageEnabled=false, locationContextEnabled=false, takesScreenshot=true, AppActivity=com.amely.socialapp.view.activity.SplashScreenActivity, javascriptEnabled=true, deviceModel=SM-G610F, platformName=Android, deviceManufacturer=samsung}]
Session ID: 1cae9d31-d9af-45b2-8ef7-ff1d630a3d24" type="org.openqa.selenium.remote.SessionNotFoundException">org.openqa.selenium.remote.SessionNotFoundException: A session is either terminated or not started (WARNING: The server did not provide any stacktrace information)
Command duration or timeout: 9 milliseconds
Build info: version: &apos;2.53.1&apos;, revision: &apos;a36b8b1cd5757287168e54b817830adce9b0158d&apos;, time: &apos;2016-06-30 19:26:09&apos;
System info: host: &apos;dfmpc106.example.com&apos;, ip: &apos;127.0.0.1&apos;, os.name: &apos;Linux&apos;, os.arch: &apos;amd64&apos;, os.version: &apos;3.16.0-4-amd64&apos;, java.version: &apos;1.8.0_161&apos;
Driver info: io.appium.java_client.android.AndroidDriver
Capabilities [{app=/home/sysadmin/Workspaces/EZQUA/tests/src/main/resources/app-debug.apk, appPackage=com.amely.socialapp, deviceScreenSize=1080x1920, networkConnectionEnabled=true, warnings={}, appWaitActivity=com.amely.socialapp.view.activity.LoginActivity&apos;,com.amely.socialapp.view.activity.LoginActivity, appWaitPackage=com.amely.socialapp, databaseEnabled=false, deviceName=3300a7537024b357, platform=LINUX, deviceUDID=3300a7537024b357, appActivity=com.amely.socialapp.view.activity.SplashScreenActivity, AppPackage=com.amely.socialapp, desired={app=/home/sysadmin/Workspaces/EZQUA/tests/src/main/resources/app-debug.apk, AppPackage=com.amely.socialapp, appWaitActivity=com.amely.socialapp.view.activity.LoginActivity&apos;,com.amely.socialapp.view.activity.LoginActivity, AppActivity=com.amely.socialapp.view.activity.SplashScreenActivity, platformName=Android, deviceName=192.168.57.101:5555}, platformVersion=7.0, webStorageEnabled=false, locationContextEnabled=false, takesScreenshot=true, AppActivity=com.amely.socialapp.view.activity.SplashScreenActivity, javascriptEnabled=true, deviceModel=SM-G610F, platformName=Android, deviceManufacturer=samsung}]
Session ID: 1cae9d31-d9af-45b2-8ef7-ff1d630a3d24
	at sun.reflect.NativeConstructorAccessorImpl.newInstance0(Native Method)
	at sun.reflect.NativeConstructorAccessorImpl.newInstance(NativeConstructorAccessorImpl.java:62)
	at sun.reflect.DelegatingConstructorAccessorImpl.newInstance(DelegatingConstructorAccessorImpl.java:45)
	at java.lang.reflect.Constructor.newInstance(Constructor.java:423)
	at org.openqa.selenium.remote.ErrorHandler.createThrowable(ErrorHandler.java:206)
	at org.openqa.selenium.remote.ErrorHandler.throwIfResponseFailed(ErrorHandler.java:158)
	at org.openqa.selenium.remote.RemoteWebDriver.execute(RemoteWebDriver.java:678)
	at io.appium.java_client.DefaultGenericMobileDriver.execute(DefaultGenericMobileDriver.java:40)
	at io.appium.java_client.AppiumDriver.execute(AppiumDriver.java:235)
	at org.openqa.selenium.remote.RemoteWebDriver.quit(RemoteWebDriver.java:526)
	at Login.TestLogin.afterTest(TestLogin.java:211)
</failure>
  </testcase>
</testsuite>