<?xml version="1.0" encoding="UTF-8"?>
<testng-results skipped="0" failed="0" total="7" passed="7">
  <reporter-output>
  </reporter-output>
  <suite name="Login.TestLogin" duration-ms="102431" started-at="2018-09-11T04:16:28Z" finished-at="2018-09-11T04:18:11Z">
    <groups>
    </groups>
    <test name="Command line test" duration-ms="102431" started-at="2018-09-11T04:16:28Z" finished-at="2018-09-11T04:18:11Z">
      <class name="Login.TestLogin">
        <test-method status="PASS" signature="beforeTest()[pri:0, instance:Login.TestLogin@6fb554cc]" name="beforeTest" is-config="true" duration-ms="24174" started-at="2018-09-11T11:16:28Z" finished-at="2018-09-11T11:16:52Z">
          <reporter-output>
          </reporter-output>
        </test-method> <!-- beforeTest -->
        <test-method status="PASS" signature="LoginWithAccountNull()[pri:0, instance:Login.TestLogin@6fb554cc]" name="LoginWithAccountNull" duration-ms="18599" started-at="2018-09-11T11:16:52Z" finished-at="2018-09-11T11:17:11Z">
          <reporter-output>
          </reporter-output>
        </test-method> <!-- LoginWithAccountNull -->
        <test-method status="PASS" signature="LoginWithOnlyFillAccount()[pri:0, instance:Login.TestLogin@6fb554cc]" name="LoginWithOnlyFillAccount" duration-ms="26839" started-at="2018-09-11T11:17:11Z" finished-at="2018-09-11T11:17:38Z">
          <reporter-output>
          </reporter-output>
        </test-method> <!-- LoginWithOnlyFillAccount -->
        <test-method status="PASS" signature="LoginWithOnlyFillPassword()[pri:0, instance:Login.TestLogin@6fb554cc]" name="LoginWithOnlyFillPassword" duration-ms="27557" started-at="2018-09-11T11:17:38Z" finished-at="2018-09-11T11:18:05Z">
          <reporter-output>
          </reporter-output>
        </test-method> <!-- LoginWithOnlyFillPassword -->
        <test-method status="PASS" signature="LoginWithIncorrectPassword()[pri:0, instance:Login.TestLogin@6fb554cc]" name="LoginWithIncorrectPassword" duration-ms="5180" started-at="2018-09-11T11:18:05Z" finished-at="2018-09-11T11:18:11Z">
          <reporter-output>
          </reporter-output>
        </test-method> <!-- LoginWithIncorrectPassword -->
        <test-method status="PASS" signature="LoginWithCorrectAccountAndPassword()[pri:0, instance:Login.TestLogin@6fb554cc]" name="LoginWithCorrectAccountAndPassword" duration-ms="6" started-at="2018-09-11T11:18:11Z" finished-at="2018-09-11T11:18:11Z">
          <reporter-output>
          </reporter-output>
        </test-method> <!-- LoginWithCorrectAccountAndPassword -->
        <test-method status="PASS" signature="LoginWithEmail()[pri:0, instance:Login.TestLogin@6fb554cc]" name="LoginWithEmail" duration-ms="13" started-at="2018-09-11T11:18:11Z" finished-at="2018-09-11T11:18:11Z">
          <reporter-output>
          </reporter-output>
        </test-method> <!-- LoginWithEmail -->
        <test-method status="PASS" signature="LoginWithPhoneNumner()[pri:0, instance:Login.TestLogin@6fb554cc]" name="LoginWithPhoneNumner" duration-ms="18" started-at="2018-09-11T11:18:11Z" finished-at="2018-09-11T11:18:11Z">
          <reporter-output>
          </reporter-output>
        </test-method> <!-- LoginWithPhoneNumner -->
        <test-method status="FAIL" signature="afterTest()[pri:0, instance:Login.TestLogin@6fb554cc]" name="afterTest" is-config="true" duration-ms="0" started-at="2018-09-11T11:18:11Z" finished-at="2018-09-11T11:18:11Z">
          <exception class="org.openqa.selenium.remote.SessionNotFoundException">
            <message>
              <![CDATA[A session is either terminated or not started (WARNING: The server did not provide any stacktrace information)
Command duration or timeout: 9 milliseconds
Build info: version: '2.53.1', revision: 'a36b8b1cd5757287168e54b817830adce9b0158d', time: '2016-06-30 19:26:09'
System info: host: 'dfmpc106.example.com', ip: '127.0.0.1', os.name: 'Linux', os.arch: 'amd64', os.version: '3.16.0-4-amd64', java.version: '1.8.0_161'
Driver info: io.appium.java_client.android.AndroidDriver
Capabilities [{app=/home/sysadmin/Workspaces/EZQUA/tests/src/main/resources/app-debug.apk, appPackage=com.amely.socialapp, deviceScreenSize=1080x1920, networkConnectionEnabled=true, warnings={}, appWaitActivity=com.amely.socialapp.view.activity.LoginActivity',com.amely.socialapp.view.activity.LoginActivity, appWaitPackage=com.amely.socialapp, databaseEnabled=false, deviceName=3300a7537024b357, platform=LINUX, deviceUDID=3300a7537024b357, appActivity=com.amely.socialapp.view.activity.SplashScreenActivity, AppPackage=com.amely.socialapp, desired={app=/home/sysadmin/Workspaces/EZQUA/tests/src/main/resources/app-debug.apk, AppPackage=com.amely.socialapp, appWaitActivity=com.amely.socialapp.view.activity.LoginActivity',com.amely.socialapp.view.activity.LoginActivity, AppActivity=com.amely.socialapp.view.activity.SplashScreenActivity, platformName=Android, deviceName=192.168.57.101:5555}, platformVersion=7.0, webStorageEnabled=false, locationContextEnabled=false, takesScreenshot=true, AppActivity=com.amely.socialapp.view.activity.SplashScreenActivity, javascriptEnabled=true, deviceModel=SM-G610F, platformName=Android, deviceManufacturer=samsung}]
Session ID: 1cae9d31-d9af-45b2-8ef7-ff1d630a3d24]]>
            </message>
            <full-stacktrace>
              <![CDATA[org.openqa.selenium.remote.SessionNotFoundException: A session is either terminated or not started (WARNING: The server did not provide any stacktrace information)
Command duration or timeout: 9 milliseconds
Build info: version: '2.53.1', revision: 'a36b8b1cd5757287168e54b817830adce9b0158d', time: '2016-06-30 19:26:09'
System info: host: 'dfmpc106.example.com', ip: '127.0.0.1', os.name: 'Linux', os.arch: 'amd64', os.version: '3.16.0-4-amd64', java.version: '1.8.0_161'
Driver info: io.appium.java_client.android.AndroidDriver
Capabilities [{app=/home/sysadmin/Workspaces/EZQUA/tests/src/main/resources/app-debug.apk, appPackage=com.amely.socialapp, deviceScreenSize=1080x1920, networkConnectionEnabled=true, warnings={}, appWaitActivity=com.amely.socialapp.view.activity.LoginActivity',com.amely.socialapp.view.activity.LoginActivity, appWaitPackage=com.amely.socialapp, databaseEnabled=false, deviceName=3300a7537024b357, platform=LINUX, deviceUDID=3300a7537024b357, appActivity=com.amely.socialapp.view.activity.SplashScreenActivity, AppPackage=com.amely.socialapp, desired={app=/home/sysadmin/Workspaces/EZQUA/tests/src/main/resources/app-debug.apk, AppPackage=com.amely.socialapp, appWaitActivity=com.amely.socialapp.view.activity.LoginActivity',com.amely.socialapp.view.activity.LoginActivity, AppActivity=com.amely.socialapp.view.activity.SplashScreenActivity, platformName=Android, deviceName=192.168.57.101:5555}, platformVersion=7.0, webStorageEnabled=false, locationContextEnabled=false, takesScreenshot=true, AppActivity=com.amely.socialapp.view.activity.SplashScreenActivity, javascriptEnabled=true, deviceModel=SM-G610F, platformName=Android, deviceManufacturer=samsung}]
Session ID: 1cae9d31-d9af-45b2-8ef7-ff1d630a3d24
	at sun.reflect.NativeConstructorAccessorImpl.newInstance0(Native Method)
	at sun.reflect.NativeConstructorAccessorImpl.newInstance(NativeConstructorAccessorImpl.java:62)
	at sun.reflect.DelegatingConstructorAccessorImpl.newInstance(DelegatingConstructorAccessorImpl.java:45)
	at java.lang.reflect.Constructor.newInstance(Constructor.java:423)
	at org.openqa.selenium.remote.ErrorHandler.createThrowable(ErrorHandler.java:206)
	at org.openqa.selenium.remote.ErrorHandler.throwIfResponseFailed(ErrorHandler.java:158)
	at org.openqa.selenium.remote.RemoteWebDriver.execute(RemoteWebDriver.java:678)
	at io.appium.java_client.DefaultGenericMobileDriver.execute(DefaultGenericMobileDriver.java:40)
	at io.appium.java_client.AppiumDriver.execute(AppiumDriver.java:235)
	at org.openqa.selenium.remote.RemoteWebDriver.quit(RemoteWebDriver.java:526)
	at Login.TestLogin.afterTest(TestLogin.java:211)
	at sun.reflect.NativeMethodAccessorImpl.invoke0(Native Method)
	at sun.reflect.NativeMethodAccessorImpl.invoke(NativeMethodAccessorImpl.java:62)
	at sun.reflect.DelegatingMethodAccessorImpl.invoke(DelegatingMethodAccessorImpl.java:43)
	at java.lang.reflect.Method.invoke(Method.java:498)
	at org.testng.internal.MethodInvocationHelper.invokeMethod(MethodInvocationHelper.java:80)
	at org.testng.internal.Invoker.invokeConfigurationMethod(Invoker.java:564)
	at org.testng.internal.Invoker.invokeConfigurations(Invoker.java:213)
	at org.testng.internal.Invoker.invokeConfigurations(Invoker.java:138)
	at org.testng.TestRunner.afterRun(TestRunner.java:1021)
	at org.testng.TestRunner.run(TestRunner.java:621)
	at org.testng.SuiteRunner.runTest(SuiteRunner.java:334)
	at org.testng.SuiteRunner.runSequentially(SuiteRunner.java:329)
	at org.testng.SuiteRunner.privateRun(SuiteRunner.java:291)
	at org.testng.SuiteRunner.run(SuiteRunner.java:240)
	at org.testng.SuiteRunnerWorker.runSuite(SuiteRunnerWorker.java:52)
	at org.testng.SuiteRunnerWorker.run(SuiteRunnerWorker.java:86)
	at org.testng.TestNG.runSuitesSequentially(TestNG.java:1198)
	at org.testng.TestNG.runSuitesLocally(TestNG.java:1123)
	at org.testng.TestNG.run(TestNG.java:1031)
	at org.apache.maven.surefire.testng.TestNGExecutor.run(TestNGExecutor.java:77)
	at org.apache.maven.surefire.testng.TestNGDirectoryTestSuite.execute(TestNGDirectoryTestSuite.java:110)
	at org.apache.maven.surefire.testng.TestNGProvider.invoke(TestNGProvider.java:106)
	at sun.reflect.NativeMethodAccessorImpl.invoke0(Native Method)
	at sun.reflect.NativeMethodAccessorImpl.invoke(NativeMethodAccessorImpl.java:62)
	at sun.reflect.DelegatingMethodAccessorImpl.invoke(DelegatingMethodAccessorImpl.java:43)
	at java.lang.reflect.Method.invoke(Method.java:498)
	at org.apache.maven.surefire.util.ReflectionUtils.invokeMethodWithArray(ReflectionUtils.java:189)
	at org.apache.maven.surefire.booter.ProviderFactory$ProviderProxy.invoke(ProviderFactory.java:165)
	at org.apache.maven.surefire.booter.ProviderFactory.invokeProvider(ProviderFactory.java:85)
	at org.apache.maven.surefire.booter.ForkedBooter.runSuitesInProcess(ForkedBooter.java:115)
	at org.apache.maven.surefire.booter.ForkedBooter.main(ForkedBooter.java:75)
]]>
            </full-stacktrace>
          </exception> <!-- org.openqa.selenium.remote.SessionNotFoundException -->
          <reporter-output>
          </reporter-output>
        </test-method> <!-- afterTest -->
      </class> <!-- Login.TestLogin -->
    </test> <!-- Command line test -->
  </suite> <!-- Login.TestLogin -->
</testng-results>
